<?xml version="1.0" encoding="UTF-8"?>
<testsuite name="app.tesing.RoleSpec" tests="6" skipped="0" failures="3" errors="0" timestamp="2016-04-28T15:56:24" hostname="gondor.local" time="1.534">
  <properties/>
  <testcase name="test if mapping generator assigned allows constructor initialization[0]" classname="app.tesing.RoleSpec" time="1.501">
    <failure message="Condition not satisfied:&#10;&#10;name == role.id&#10;|    |  |    |&#10;|    |  |    null&#10;|    |  app.tesing.Role : (unsaved)&#10;|    false&#10;foobar&#10;" type="org.spockframework.runtime.SpockComparisonFailure">Condition not satisfied:

name == role.id
|    |  |    |
|    |  |    null
|    |  app.tesing.Role : (unsaved)
|    false
foobar

	at app.tesing.RoleSpec.test if mapping generator assigned allows constructor initialization(RoleSpec.groovy:17)
</failure>
  </testcase>
  <testcase name="test if mapping generator assigned allows constructor initialization[1]" classname="app.tesing.RoleSpec" time="0.011">
    <failure message="Condition not satisfied:&#10;&#10;name == role.id&#10;|    |  |    |&#10;42   |  |    null&#10;     |  app.tesing.Role : (unsaved)&#10;     false&#10;" type="org.spockframework.runtime.SpockComparisonFailure">Condition not satisfied:

name == role.id
|    |  |    |
42   |  |    null
     |  app.tesing.Role : (unsaved)
     false

	at app.tesing.RoleSpec.test if mapping generator assigned allows constructor initialization(RoleSpec.groovy:17)
</failure>
  </testcase>
  <testcase name="test if mapping generator assigned allows constructor initialization[2]" classname="app.tesing.RoleSpec" time="0.005">
    <failure message="Condition not satisfied:&#10;&#10;name == role.id&#10;|    |  |    |&#10;|    |  |    null&#10;|    |  app.tesing.Role : (unsaved)&#10;|    false&#10;superduper&#10;" type="org.spockframework.runtime.SpockComparisonFailure">Condition not satisfied:

name == role.id
|    |  |    |
|    |  |    null
|    |  app.tesing.Role : (unsaved)
|    false
superduper

	at app.tesing.RoleSpec.test if mapping generator assigned allows constructor initialization(RoleSpec.groovy:17)
</failure>
  </testcase>
  <testcase name="test if mapping generator assigned allows post-constructor initialization[0]" classname="app.tesing.RoleSpec" time="0.009"/>
  <testcase name="test if mapping generator assigned allows post-constructor initialization[1]" classname="app.tesing.RoleSpec" time="0.003"/>
  <testcase name="test if mapping generator assigned allows post-constructor initialization[2]" classname="app.tesing.RoleSpec" time="0.003"/>
  <system-out><![CDATA[]]></system-out>
  <system-err><![CDATA[]]></system-err>
</testsuite>
